<?xml version="1.0" encoding="UTF-8"?>
<testng-results skipped="0" failed="0" ignored="0" total="1" passed="1">
  <reporter-output>
  </reporter-output>
  <suite name="Surefire suite" duration-ms="19472" started-at="2018-10-15T20:08:53Z" finished-at="2018-10-15T20:09:13Z">
    <groups>
    </groups>
    <test name="Surefire test" duration-ms="19472" started-at="2018-10-15T20:08:53Z" finished-at="2018-10-15T20:09:13Z">
      <class name="com.dice.FirstTest">
        <test-method status="PASS" signature="firsTestMethod()[pri:0, instance:com.dice.FirstTest@6cd8737]" name="firsTestMethod" duration-ms="19453" started-at="2018-10-15T20:08:53Z" finished-at="2018-10-15T20:09:13Z">
          <reporter-output>
          </reporter-output>
        </test-method> <!-- firsTestMethod -->
      </class> <!-- com.dice.FirstTest -->
    </test> <!-- Surefire test -->
  </suite> <!-- Surefire suite -->
</testng-results>
