<?xml version="1.0" encoding="UTF-8"?>
<testng-results skipped="0" failed="0" ignored="1" total="2" passed="1">
  <reporter-output>
  </reporter-output>
  <suite name="FirstTestSuite" duration-ms="17073" started-at="2018-10-17T12:57:42Z" finished-at="2018-10-17T12:57:59Z">
    <groups>
    </groups>
    <test name="FirstTest" duration-ms="17073" started-at="2018-10-17T12:57:42Z" finished-at="2018-10-17T12:57:59Z">
      <class name="com.dice.FirstTest">
        <test-method status="PASS" signature="firstTestMethod()[pri:0, instance:com.dice.FirstTest@2b98378d]" name="firstTestMethod" duration-ms="17052" started-at="2018-10-17T12:57:42Z" finished-at="2018-10-17T12:57:59Z">
          <reporter-output>
          </reporter-output>
        </test-method> <!-- firstTestMethod -->
      </class> <!-- com.dice.FirstTest -->
    </test> <!-- FirstTest -->
  </suite> <!-- FirstTestSuite -->
</testng-results>
